sample.interval=20000
"mayCallBrowserList" "mayCallBrowser" "mayCallBrowserList" "mayCallBrowser" "mayCallBrowserList" "mayCallBrowser" "mayCallBrowserList" "mayCallBrowser" "mayCallBrowserList" "mayCallBrowser" "mayCallBrowserList" "mayCallBrowser" "mayCallBrowserList" "mayCallBrowser" "mayCallBrowserList" "mayCallBrowser" "cmpfun" "doTryCatch" "tryCatchOne" "tryCatchList" "tryCatch" "compiler:::tryCmpfun" "train" 
"cmpCall" "cmp" "h" "tryInline" "cmpCall" "cmp" "h" "tryInline" "cmpCall" "cmp" "cmpForBody" "h" "tryInline" "cmpCall" "cmp" "h" "tryInline" "cmpCall" "cmp" "genCode" "cmpfun" "doTryCatch" "tryCatchOne" "tryCatchList" "tryCatch" "compiler:::tryCmpfun" "train" 
"findCenvVar" "getInlineInfo" "trySetterInline" "cmpSetterCall" "cmpComplexAssign" "h" "tryInline" "cmpCall" "cmp" "h" "tryInline" "cmpCall" "cmp" "cmpForBody" "h" "tryInline" "cmpCall" "cmp" "h" "tryInline" "cmpCall" "cmp" "genCode" "cmpfun" "doTryCatch" "tryCatchOne" "tryCatchList" "tryCatch" "compiler:::tryCmpfun" "forward" "train" 
"cmpSubsetDispatch" "h" "tryInline" "cmpCall" "cmp" "genCode" "cb$putconst" "cmpCallArgs" "cmpCallSymFun" "cmpCall" "cmp" "cmpBuiltinArgs" "h" "tryInline" "cmpCall" "cmp" "cmpComplexAssign" "h" "tryInline" "cmpCall" "cmp" "h" "tryInline" "cmpCall" "cmp" "cmpForBody" "h" "tryInline" "cmpCall" "cmp" "h" "tryInline" "cmpCall" "cmp" "genCode" "cmpfun" "doTryCatch" "tryCatchOne" "tryCatchList" "tryCatch" "compiler:::tryCmpfun" "backward" "train" 
"t" "backward" "train" 
"backward" "train" 
"t" "backward" "train" 
"t" "backward" "train" 
"forward" "train" 
"backward" "train" 
"train" 
"backward" "train" 
"mostattributes<-" "pmax" "ReLU" "forward" "train" 
"t" "backward" "train" 
"lapply" "train" 
"stopifnot" "sample.int" "sample" "train" 
"t.default" "t" "backward" "train" 
"t" "backward" "train" 
"backward" "train" 
"train" 
"t" "backward" "train" 
"Map" "train" 
"t" "backward" "train" 
"as.matrix" "forward" "train" 
"pmax" "ReLU" "forward" "train" 
"lapply" "train" 
"FUN" "vapply" "pmax" "ReLU" "forward" "train" 
"train" 
"forward" "train" 
"pmax" "ReLU" "forward" "train" 
"t" "backward" "train" 
"t" "backward" "train" 
"pmax" "ReLU" "forward" "train" 
"mostattributes<-" "pmax" "ReLU" "forward" "train" 
"match.fun" "mapply" "Map" "train" 
"t" "backward" "train" 
"Map" "train" 
"ReLU" "forward" "train" 
"isFALSE" "mapply" "Map" "train" 
"t" "backward" "train" 
"mapply" "Map" "train" 
"Map" "train" 
"forward" "train" 
"vapply" "pmax" "ReLU" "forward" "train" 
"softmax" "backward" "train" 
"match.fun" "mapply" "Map" "train" 
"lapply" "train" 
"t" "backward" "train" 
"mapply" "Map" "train" 
"train" 
"is.na" "mostattributes<-" "pmax" "ReLU" "forward" "train" 
"FUN" "vapply" "pmax" "ReLU" "forward" "train" 
"t" "backward" "train" 
"mostattributes<-" "pmax" "ReLU" "forward" "train" 
"match.fun" "mapply" "Map" "train" 
"backward" "train" 
"mapply" "Map" "train" 
"forward" "train" 
"mapply" "Map" "train" 
"train" 
"FUN" "lapply" "train" 
"t" "backward" "train" 
"as.matrix" "forward" "train" 
"backward" "train" 
"t" "backward" "train" 
"as.matrix" "forward" "train" 
"t" "backward" "train" 
"vapply" "pmax" "ReLU" "forward" "train" 
"backward" "train" 
"backward" "train" 
"t" "backward" "train" 
"t" "backward" "train" 
"forward" "train" 
"pmax" "ReLU" "forward" "train" 
"forward" "train" 
"match.fun" "Map" "train" 
"ReLU" "forward" "train" 
"Map" "train" 
"match.fun" "Map" "train" 
"vapply" "pmax" "ReLU" "forward" "train" 
"mapply" "Map" "train" 
"is.na" "mostattributes<-" "pmax" "ReLU" "forward" "train" 
"mostattributes<-" "pmax" "ReLU" "forward" "train" 
"t" "backward" "train" 
"mostattributes<-" "pmax" "ReLU" "forward" "train" 
"match.fun" "Map" "train" 
"as.matrix" "forward" "train" 
"backward" "train" 
"backward" "train" 
"t" "backward" "train" 
"forward" "train" 
"mostattributes<-" "pmax" "ReLU" "forward" "train" 
"backward" "train" 
"match.fun" "Map" "train" 
"vapply" "pmax" "ReLU" "forward" "train" 
"get" "match.fun" "Map" "train" 
"forward" "train" 
"forward" "train" 
"ReLU" "forward" "train" 
"mostattributes<-" "pmax" "ReLU" "forward" "train" 
"vapply" "pmax" "ReLU" "forward" "train" 
"backward" "train" 
"forward" "train" 
"%*%" "pmax" "ReLU" "forward" "train" 
"as.matrix.default" "as.matrix" "forward" "train" 
"pmax" "ReLU" "forward" "train" 
"<Anonymous>" "mapply" "Map" "train" 
"%*%" "backward" "train" 
"as.matrix" "forward" "train" 
"mapply" "Map" "train" 
"as.matrix" "forward" "train" 
"softmax" "backward" "train" 
"%*%" "backward" "train" 
"train" 
"t" "backward" "train" 
"backward" "train" 
"as.matrix" "forward" "train" 
"vapply" "pmax" "ReLU" "forward" "train" 
"backward" "train" 
"isFALSE" "mapply" "Map" "train" 
"train" 
"t" "backward" "train" 
"t" "backward" "train" 
"<Anonymous>" "mapply" "Map" "train" 
"mapply" "Map" "train" 
"forward" "train" 
"%*%" "backward" "train" 
"train" 
"train" 
"vapply" "pmax" "ReLU" "forward" "train" 
"as.matrix" "forward" "train" 
"t.default" "t" "backward" "train" 
"mapply" "Map" "train" 
"lapply" "train" 
"mapply" "Map" "train" 
"t" "backward" "train" 
"backward" "train" 
"is.function" "match.fun" "Map" "train" 
"mostattributes<-" "pmax" "ReLU" "forward" "train" 
"pmax" "ReLU" "forward" "train" 
"t" "backward" "train" 
"t" "backward" "train" 
"backward" "train" 
"vapply" "pmax" "ReLU" "forward" "train" 
"vapply" "pmax" "ReLU" "forward" "train" 
"vapply" "pmax" "ReLU" "forward" "train" 
"as.matrix.default" "as.matrix" "forward" "train" 
"mostattributes<-" "pmax" "ReLU" "forward" "train" 
"pmax" "ReLU" "forward" "train" 
"as.matrix" "forward" "train" 
"t" "backward" "train" 
"Map" "train" 
"backward" "train" 
"mostattributes<-" "pmax" "ReLU" "forward" "train" 
"t.default" "t" "backward" "train" 
"attributes" "pmax" "ReLU" "forward" "train" 
"lapply" "train" 
"vapply" "pmax" "ReLU" "forward" "train" 
"softmax" "backward" "train" 
"match.fun" "Map" "train" 
"pmax" "ReLU" "forward" "train" 
"vapply" "pmax" "ReLU" "forward" "train" 
"mapply" "Map" "train" 
"length" "match.fun" "Map" "train" 
"t" "backward" "train" 
"train" 
"pmax" "ReLU" "forward" "train" 
"vapply" "pmax" "ReLU" "forward" "train" 
"pmax" "ReLU" "forward" "train" 
"mapply" "Map" "train" 
"sample" "train" 
"as.matrix.default" "as.matrix" "forward" "train" 
"Map" "train" 
"backward" "train" 
"backward" "train" 
"t" "backward" "train" 
"get" "match.fun" "Map" "train" 
"Map" "train" 
"mostattributes<-" "pmax" "ReLU" "forward" "train" 
"backward" "train" 
"t" "backward" "train" 
"lapply" "train" 
"backward" "train" 
"get" "match.fun" "Map" "train" 
"backward" "train" 
"t.default" "t" "backward" "train" 
"mapply" "Map" "train" 
"mostattributes<-" "pmax" "ReLU" "forward" "train" 
"pmax" "ReLU" "forward" "train" 
"sum" "softmax" "backward" "train" 
"mostattributes<-" "pmax" "ReLU" "forward" "train" 
"vapply" "pmax" "ReLU" "forward" "train" 
"Map" "train" 
"%*%" "backward" "train" 
"get" "match.fun" "Map" "train" 
"<Anonymous>" "mapply" "Map" "train" 
"%*%" "backward" "train" 
"mapply" "Map" "train" 
"as.matrix" "forward" "train" 
"t" "backward" "train" 
"t" "backward" "train" 
"backward" "train" 
"t" "backward" "train" 
"t" "backward" "train" 
"Map" "train" 
"t" "backward" "train" 
"FUN" "vapply" "pmax" "ReLU" "forward" "train" 
"mapply" "Map" "train" 
"%*%" "backward" "train" 
"mostattributes<-" "pmax" "ReLU" "forward" "train" 
"train" 
"mostattributes<-" "pmax" "ReLU" "forward" "train" 
"backward" "train" 
"forward" "train" 
"stopifnot" "sample.int" "sample" "train" 
"as.matrix" "forward" "train" 
"softmax" "backward" "train" 
"backward" "train" 
"t" "backward" "train" 
"mapply" "Map" "train" 
"train" 
"t" "backward" "train" 
"mostattributes<-" "pmax" "ReLU" "forward" "train" 
"is.na" "isFALSE" "mapply" "Map" "train" 
"vapply" "pmax" "ReLU" "forward" "train" 
"ReLU" "forward" "train" 
"backward" "train" 
"get" "match.fun" "Map" "train" 
"backward" "train" 
"vapply" "pmax" "ReLU" "forward" "train" 
"pmax" "ReLU" "forward" "train" 
"mostattributes<-" "pmax" "ReLU" "forward" "train" 
"mapply" "Map" "train" 
"forward" "train" 
"pmax" "ReLU" "forward" "train" 
"as.matrix" "forward" "train" 
"length" "mostattributes<-" "pmax" "ReLU" "forward" "train" 
"softmax" "backward" "train" 
"train" 
"%*%" "backward" "train" 
"mapply" "Map" "train" 
"pmax" "ReLU" "forward" "train" 
"isFALSE" "mapply" "Map" "train" 
"t" "backward" "train" 
"lapply" "train" 
"mapply" "Map" "train" 
"t" "backward" "train" 
"ReLU" "forward" "train" 
"%*%" "backward" "train" 
"forward" "train" 
"t.default" "t" "backward" "train" 
"t" "backward" "train" 
"mapply" "Map" "train" 
"t" "backward" "train" 
"vapply" "pmax" "ReLU" "forward" "train" 
"lapply" "train" 
"array" "as.matrix.default" "as.matrix" "forward" "train" 
"backward" "train" 
"pmax" "ReLU" "forward" "train" 
"match.fun" "Map" "train" 
"as.matrix" "forward" "train" 
"sum" "softmax" "backward" "train" 
"backward" "train" 
"forward" "train" 
"forward" "train" 
"t" "backward" "train" 
"mostattributes<-" "pmax" "ReLU" "forward" "train" 
"t" "backward" "train" 
"%*%" "pmax" "ReLU" "forward" "train" 
"backward" "train" 
"mostattributes<-" "pmax" "ReLU" "forward" "train" 
"mostattributes<-" "pmax" "ReLU" "forward" "train" 
"t" "backward" "train" 
"backward" "train" 
"backward" "train" 
"train" 
"all" "pmax" "ReLU" "forward" "train" 
"mostattributes<-" "pmax" "ReLU" "forward" "train" 
"vapply" "pmax" "ReLU" "forward" "train" 
"train" 
"%*%" "backward" "train" 
"vapply" "pmax" "ReLU" "forward" "train" 
"mapply" "Map" "train" 
"forward" "train" 
"t.default" "t" "backward" "train" 
"mapply" "Map" "train" 
"pmax" "ReLU" "forward" "train" 
"mapply" "Map" "train" 
"backward" "train" 
"as.matrix.default" "as.matrix" "forward" "train" 
"pmax" "ReLU" "forward" "train" 
"backward" "train" 
"t" "backward" "train" 
"backward" "train" 
"match.fun" "Map" "train" 
"t" "backward" "train" 
"pmax" "ReLU" "forward" "train" 
"as.matrix" "forward" "train" 
"t" "backward" "train" 
"t" "backward" "train" 
"softmax" "backward" "train" 
"t" "backward" "train" 
"t" "backward" "train" 
"pmax" "ReLU" "forward" "train" 
"forward" "train" 
"t" "backward" "train" 
"vapply" "pmax" "ReLU" "forward" "train" 
"as.matrix" "forward" "train" 
"backward" "train" 
"backward" "train" 
"backward" "train" 
"forward" "train" 
"as.matrix" "forward" "train" 
"mostattributes<-" "pmax" "ReLU" "forward" "train" 
"backward" "train" 
"t" "backward" "train" 
"vapply" "pmax" "ReLU" "forward" "train" 
"<Anonymous>" "mapply" "Map" "train" 
"as.matrix.default" "as.matrix" "forward" "train" 
"ReLU" "forward" "train" 
"stopifnot" "sample.int" "sample" "train" 
"as.matrix" "forward" "train" 
"mapply" "Map" "train" 
"pmax" "ReLU" "forward" "train" 
"t" "backward" "train" 
"<Anonymous>" "mapply" "Map" "train" 
"backward" "train" 
"pmax" "ReLU" "forward" "train" 
"FUN" "lapply" "train" 
"%*%" "pmax" "ReLU" "forward" "train" 
"softmax" "backward" "train" 
"forward" "train" 
"t" "backward" "train" 
"mapply" "Map" "train" 
"FUN" "vapply" "pmax" "ReLU" "forward" "train" 
"mostattributes<-" "pmax" "ReLU" "forward" "train" 
"pmax" "ReLU" "forward" "train" 
"Map" "train" 
"t" "backward" "train" 
"forward" "train" 
"mapply" "Map" "train" 
"mostattributes<-" "pmax" "ReLU" "forward" "train" 
"t" "backward" "train" 
"t" "backward" "train" 
"FUN" "vapply" "pmax" "ReLU" "forward" "train" 
"%*%" "backward" "train" 
"train" 
"sample.int" "sample" "train" 
"vapply" "pmax" "ReLU" "forward" "train" 
"Map" "train" 
"t" "backward" "train" 
"vapply" "pmax" "ReLU" "forward" "train" 
"pmax" "ReLU" "forward" "train" 
"<Anonymous>" "mapply" "Map" "train" 
"vapply" "pmax" "ReLU" "forward" "train" 
"<Anonymous>" "mapply" "Map" "train" 
"array" "as.matrix.default" "as.matrix" "forward" "train" 
"t" "backward" "train" 
"backward" "train" 
"Map" "train" 
"forward" "train" 
"mapply" "Map" "train" 
"as.matrix" "forward" "train" 
"t" "backward" "train" 
"backward" "train" 
"array" "as.matrix.default" "as.matrix" "forward" "train" 
"sample.int" "sample" "train" 
"forward" "train" 
"%*%" "backward" "train" 
"mostattributes<-" "pmax" "ReLU" "forward" "train" 
"vapply" "pmax" "ReLU" "forward" "train" 
"t" "backward" "train" 
"mostattributes<-" "pmax" "ReLU" "forward" "train" 
"c" "array" "as.matrix.default" "as.matrix" "forward" "train" 
"forward" "train" 
"backward" "train" 
"t" "backward" "train" 
"as.matrix" "forward" "train" 
"mostattributes<-" "pmax" "ReLU" "forward" "train" 
"pmax" "ReLU" "forward" "train" 
"pmax" "ReLU" "forward" "train" 
"train" 
"train" 
"vapply" "pmax" "ReLU" "forward" "train" 
"is.list" "mostattributes<-" "pmax" "ReLU" "forward" "train" 
"array" "as.matrix.default" "as.matrix" "forward" "train" 
"mapply" "Map" "train" 
"forward" "train" 
"t" "backward" "train" 
"backward" "train" 
"mapply" "Map" "train" 
"vapply" "pmax" "ReLU" "forward" "train" 
"as.matrix" "forward" "train" 
"as.matrix" "forward" "train" 
"mostattributes<-" "pmax" "ReLU" "forward" "train" 
"backward" "train" 
"forward" "train" 
"%*%" "pmax" "ReLU" "forward" "train" 
"prod" "mostattributes<-" "pmax" "ReLU" "forward" "train" 
"<Anonymous>" "mapply" "Map" "train" 
"backward" "train" 
"pmax" "ReLU" "forward" "train" 
"forward" "train" 
"lapply" "train" 
"vapply" "pmax" "ReLU" "forward" "train" 
"forward" "train" 
"as.matrix" "forward" "train" 
"pmax" "ReLU" "forward" "train" 
"<Anonymous>" "mapply" "Map" "train" 
"vapply" "pmax" "ReLU" "forward" "train" 
"match.fun" "Map" "train" 
"t.default" "t" "backward" "train" 
"Map" "train" 
"train" 
"pmax" "ReLU" "forward" "train" 
"as.matrix" "forward" "train" 
"t.default" "t" "backward" "train" 
"t" "backward" "train" 
"<Anonymous>" "mapply" "Map" "train" 
"array" "as.matrix.default" "as.matrix" "forward" "train" 
"t" "backward" "train" 
"match.fun" "vapply" "pmax" "ReLU" "forward" "train" 
"c" "array" "as.matrix.default" "as.matrix" "forward" "train" 
"as.matrix" "forward" "train" 
"lapply" "train" 
"mostattributes<-" "pmax" "ReLU" "forward" "train" 
"forward" "train" 
"mapply" "Map" "train" 
"t.default" "t" "backward" "train" 
"backward" "train" 
"t" "backward" "train" 
"pmax" "ReLU" "forward" "train" 
"forward" "train" 
"vapply" "pmax" "ReLU" "forward" "train" 
"mostattributes<-" "pmax" "ReLU" "forward" "train" 
"mostattributes<-" "pmax" "ReLU" "forward" "train" 
"forward" "train" 
"t" "backward" "train" 
"pmax" "ReLU" "forward" "train" 
"t" "backward" "train" 
"backward" "train" 
"backward" "train" 
"backward" "train" 
"mostattributes<-" "pmax" "ReLU" "forward" "train" 
"train" 
"%*%" "pmax" "ReLU" "forward" "train" 
"ReLU" "forward" "train" 
"all" "pmax" "ReLU" "forward" "train" 
"match.fun" "mapply" "Map" "train" 
"as.matrix" "forward" "train" 
"t" "backward" "train" 
"pmax" "ReLU" "forward" "train" 
"softmax" "backward" "train" 
"pmax" "ReLU" "forward" "train" 
"backward" "train" 
"t" "backward" "train" 
"forward" "train" 
"mapply" "Map" "train" 
"t" "backward" "train" 
"lapply" "train" 
"t" "backward" "train" 
"backward" "train" 
"mapply" "Map" "train" 
"vapply" "pmax" "ReLU" "forward" "train" 
"t" "backward" "train" 
"forward" "train" 
"attr" "mostattributes<-" "pmax" "ReLU" "forward" "train" 
"vapply" "pmax" "ReLU" "forward" "train" 
"as.matrix" "forward" "train" 
"forward" "train" 
"mostattributes<-" "pmax" "ReLU" "forward" "train" 
"Map" "train" 
"mapply" "Map" "train" 
"array" "as.matrix.default" "as.matrix" "forward" "train" 
"softmax" "backward" "train" 
"t.default" "t" "backward" "train" 
"array" "as.matrix.default" "as.matrix" "forward" "train" 
"mapply" "Map" "train" 
"backward" "train" 
"mostattributes<-" "pmax" "ReLU" "forward" "train" 
"train" 
"t" "backward" "train" 
"backward" "train" 
"t" "backward" "train" 
"is.list" "mostattributes<-" "pmax" "ReLU" "forward" "train" 
"pmax" "ReLU" "forward" "train" 
"%*%" "pmax" "ReLU" "forward" "train" 
"mostattributes<-" "pmax" "ReLU" "forward" "train" 
"t" "backward" "train" 
"prod" "mostattributes<-" "pmax" "ReLU" "forward" "train" 
"vapply" "pmax" "ReLU" "forward" "train" 
"forward" "train" 
"stopifnot" "sample.int" "sample" "train" 
"vapply" "pmax" "ReLU" "forward" "train" 
"mostattributes<-" "pmax" "ReLU" "forward" "train" 
"mostattributes<-" "pmax" "ReLU" "forward" "train" 
"backward" "train" 
"t" "backward" "train" 
"length" "mostattributes<-" "pmax" "ReLU" "forward" "train" 
"t" "backward" "train" 
"backward" "train" 
"length" "isFALSE" "mapply" "Map" "train" 
"%*%" "pmax" "ReLU" "forward" "train" 
"backward" "train" 
"mapply" "Map" "train" 
"backward" "train" 
"pmax" "ReLU" "forward" "train" 
"pmax" "ReLU" "forward" "train" 
"backward" "train" 
"t" "backward" "train" 
"mapply" "Map" "train" 
"mostattributes<-" "pmax" "ReLU" "forward" "train" 
"backward" "train" 
"pmax" "ReLU" "forward" "train" 
"t" "backward" "train" 
"isFALSE" "mapply" "Map" "train" 
"vapply" "pmax" "ReLU" "forward" "train" 
"attr" "mostattributes<-" "pmax" "ReLU" "forward" "train" 
"pmax" "ReLU" "forward" "train" 
"t" "backward" "train" 
"backward" "train" 
"FUN" "vapply" "pmax" "ReLU" "forward" "train" 
"t" "backward" "train" 
"pmax" "ReLU" "forward" "train" 
"backward" "train" 
"backward" "train" 
"%*%" "backward" "train" 
"mapply" "Map" "train" 
"t" "backward" "train" 
"backward" "train" 
"backward" "train" 
"vapply" "pmax" "ReLU" "forward" "train" 
"vapply" "pmax" "ReLU" "forward" "train" 
"prod" "mostattributes<-" "pmax" "ReLU" "forward" "train" 
"isFALSE" "mapply" "Map" "train" 
"forward" "train" 
"softmax" "backward" "train" 
"as.matrix" "forward" "train" 
"mostattributes<-" "pmax" "ReLU" "forward" "train" 
"forward" "train" 
"pmax" "ReLU" "forward" "train" 
"<Anonymous>" "mapply" "Map" "train" 
"%*%" "backward" "train" 
"mostattributes<-" "pmax" "ReLU" "forward" "train" 
"t" "backward" "train" 
"mostattributes<-" "pmax" "ReLU" "forward" "train" 
"vapply" "pmax" "ReLU" "forward" "train" 
"%*%" "pmax" "ReLU" "forward" "train" 
"backward" "train" 
"t" "backward" "train" 
"mapply" "Map" "train" 
"backward" "train" 
"backward" "train" 
"as.matrix" "forward" "train" 
"is.function" "match.fun" "vapply" "pmax" "ReLU" "forward" "train" 
"stopifnot" "sample.int" "sample" "train" 
"backward" "train" 
"t" "backward" "train" 
"as.matrix" "forward" "train" 
"backward" "train" 
"forward" "train" 
"%*%" "backward" "train" 
"as.matrix" "forward" "train" 
"backward" "train" 
"%*%" "backward" "train" 
"forward" "train" 
"is.atomic" "FUN" "vapply" "pmax" "ReLU" "forward" "train" 
"vapply" "pmax" "ReLU" "forward" "train" 
"t" "backward" "train" 
"pmax" "ReLU" "forward" "train" 
"vapply" "pmax" "ReLU" "forward" "train" 
"t" "backward" "train" 
"t" "backward" "train" 
"backward" "train" 
"get" "match.fun" "Map" "train" 
"mostattributes<-" "pmax" "ReLU" "forward" "train" 
"backward" "train" 
"t" "backward" "train" 
"pmax" "ReLU" "forward" "train" 
"mapply" "Map" "train" 
"mapply" "Map" "train" 
"is.na" "isFALSE" "mapply" "Map" "train" 
"mostattributes<-" "pmax" "ReLU" "forward" "train" 
"backward" "train" 
"pmax" "ReLU" "forward" "train" 
"t" "backward" "train" 
"<Anonymous>" "mapply" "Map" "train" 
"mostattributes<-" "pmax" "ReLU" "forward" "train" 
"forward" "train" 
"pmax" "ReLU" "forward" "train" 
"backward" "train" 
"ReLU" "forward" "train" 
"t.default" "t" "backward" "train" 
"mostattributes<-" "pmax" "ReLU" "forward" "train" 
"match.fun" "Map" "train" 
"mapply" "Map" "train" 
"mapply" "Map" "train" 
"pmax" "ReLU" "forward" "train" 
"t.default" "t" "backward" "train" 
"vapply" "pmax" "ReLU" "forward" "train" 
"t" "backward" "train" 
"backward" "train" 
"mostattributes<-" "pmax" "ReLU" "forward" "train" 
"attributes" "pmax" "ReLU" "forward" "train" 
"all" "pmax" "ReLU" "forward" "train" 
"match.fun" "lapply" "train" 
"%*%" "backward" "train" 
"backward" "train" 
"mostattributes<-" "pmax" "ReLU" "forward" "train" 
"t" "backward" "train" 
"mostattributes<-" "pmax" "ReLU" "forward" "train" 
"softmax" "backward" "train" 
"forward" "train" 
"mapply" "Map" "train" 
"pmax" "ReLU" "forward" "train" 
"is.matrix" "as.matrix.default" "as.matrix" "forward" "train" 
"sum" "softmax" "backward" "train" 
"pmax" "ReLU" "forward" "train" 
"as.matrix" "forward" "train" 
"%*%" "pmax" "ReLU" "forward" "train" 
"forward" "train" 
"t" "backward" "train" 
"vapply" "pmax" "ReLU" "forward" "train" 
"mapply" "Map" "train" 
"backward" "train" 
"mostattributes<-" "pmax" "ReLU" "forward" "train" 
"t" "backward" "train" 
"%*%" "backward" "train" 
"mostattributes<-" "pmax" "ReLU" "forward" "train" 
"forward" "train" 
"t" "backward" "train" 
"forward" "train" 
"vapply" "pmax" "ReLU" "forward" "train" 
"mapply" "Map" "train" 
"backward" "train" 
"Map" "train" 
"t" "backward" "train" 
"t" "backward" "train" 
"mostattributes<-" "pmax" "ReLU" "forward" "train" 
"as.matrix" "forward" "train" 
"mapply" "Map" "train" 
"<Anonymous>" "mapply" "Map" "train" 
"mostattributes<-" "pmax" "ReLU" "forward" "train" 
"%*%" "backward" "train" 
"t.default" "t" "backward" "train" 
"train" 
"is.atomic" "FUN" "vapply" "pmax" "ReLU" "forward" "train" 
"vapply" "pmax" "ReLU" "forward" "train" 
"backward" "train" 
"is.function" "match.fun" "mapply" "Map" "train" 
"forward" "train" 
"ReLU" "forward" "train" 
"pmax" "ReLU" "forward" "train" 
"Map" "train" 
"<Anonymous>" "mapply" "Map" "train" 
"is.matrix" "as.matrix.default" "as.matrix" "forward" "train" 
"pmax" "ReLU" "forward" "train" 
"lapply" "train" 
"match.fun" "Map" "train" 
"pmax" "ReLU" "forward" "train" 
"mapply" "Map" "train" 
"as.matrix" "forward" "train" 
"pmax" "ReLU" "forward" "train" 
"t" "backward" "train" 
"t" "backward" "train" 
"t" "backward" "train" 
"match.fun" "Map" "train" 
"as.matrix" "forward" "train" 
"match.fun" "Map" "train" 
"as.matrix" "forward" "train" 
"t" "backward" "train" 
"t" "backward" "train" 
"pmax" "ReLU" "forward" "train" 
"lapply" "train" 
"prod" "mostattributes<-" "pmax" "ReLU" "forward" "train" 
"match.fun" "vapply" "pmax" "ReLU" "forward" "train" 
"t" "backward" "train" 
"match.fun" "Map" "train" 
"c" "array" "as.matrix.default" "as.matrix" "forward" "train" 
"mostattributes<-" "pmax" "ReLU" "forward" "train" 
"is.na" "mostattributes<-" "pmax" "ReLU" "forward" "train" 
"as.matrix" "forward" "train" 
"length" "backward" "train" 
"forward" "train" 
"as.matrix" "forward" "train" 
"mostattributes<-" "pmax" "ReLU" "forward" "train" 
"t" "backward" "train" 
"backward" "train" 
"mapply" "Map" "train" 
"vapply" "pmax" "ReLU" "forward" "train" 
"ReLU" "forward" "train" 
"isFALSE" "mapply" "Map" "train" 
"t" "backward" "train" 
"backward" "train" 
"t" "backward" "train" 
"as.matrix" "forward" "train" 
"mapply" "Map" "train" 
"vapply" "pmax" "ReLU" "forward" "train" 
"pmax" "ReLU" "forward" "train" 
"mapply" "Map" "train" 
"backward" "train" 
"as.matrix" "forward" "train" 
"t.default" "t" "backward" "train" 
"match.fun" "mapply" "Map" "train" 
"mapply" "Map" "train" 
"length" "mostattributes<-" "pmax" "ReLU" "forward" "train" 
"backward" "train" 
"<Anonymous>" "mapply" "Map" "train" 
"t" "backward" "train" 
"mapply" "Map" "train" 
"pmax" "ReLU" "forward" "train" 
"length" "backward" "train" 
"mapply" "Map" "train" 
"t" "backward" "train" 
"<Anonymous>" "mapply" "Map" "train" 
"t" "backward" "train" 
"train" 
"t" "backward" "train" 
"t.default" "t" "backward" "train" 
"backward" "train" 
"pmax" "ReLU" "forward" "train" 
"t" "backward" "train" 
"t" "backward" "train" 
"forward" "train" 
"mapply" "Map" "train" 
"c" "array" "as.matrix.default" "as.matrix" "forward" "train" 
"pmax" "ReLU" "forward" "train" 
"t.default" "t" "backward" "train" 
"as.matrix" "forward" "train" 
"backward" "train" 
"backward" "train" 
"forward" "train" 
"FUN" "vapply" "pmax" "ReLU" "forward" "train" 
"mostattributes<-" "pmax" "ReLU" "forward" "train" 
"get" "match.fun" "Map" "train" 
"backward" "train" 
"mostattributes<-" "pmax" "ReLU" "forward" "train" 
"FUN" "vapply" "pmax" "ReLU" "forward" "train" 
"mostattributes<-" "pmax" "ReLU" "forward" "train" 
"train" 
"vapply" "pmax" "ReLU" "forward" "train" 
"t" "backward" "train" 
"as.matrix" "forward" "train" 
"as.matrix" "forward" "train" 
"t" "backward" "train" 
"mostattributes<-" "pmax" "ReLU" "forward" "train" 
"as.matrix" "forward" "train" 
"backward" "train" 
"FUN" "lapply" "train" 
"length" "backward" "train" 
"mapply" "Map" "train" 
"t" "backward" "train" 
"%*%" "backward" "train" 
"pmax" "ReLU" "forward" "train" 
"forward" "train" 
"backward" "train" 
"t.default" "t" "backward" "train" 
"mostattributes<-" "pmax" "ReLU" "forward" "train" 
"isFALSE" "mapply" "Map" "train" 
"mapply" "Map" "train" 
"lapply" "train" 
"lapply" "train" 
"t" "backward" "train" 
"pmax" "ReLU" "forward" "train" 
"<Anonymous>" "mapply" "Map" "train" 
"Map" "train" 
"mostattributes<-" "pmax" "ReLU" "forward" "train" 
"vapply" "pmax" "ReLU" "forward" "train" 
"t" "backward" "train" 
"as.matrix" "forward" "train" 
"match.fun" "Map" "train" 
"train" 
"t" "backward" "train" 
"pmax" "ReLU" "forward" "train" 
"t" "backward" "train" 
"ReLU" "forward" "train" 
"t" "backward" "train" 
"pmax" "ReLU" "forward" "train" 
"t" "backward" "train" 
"t" "backward" "train" 
"t" "backward" "train" 
"backward" "train" 
"t" "backward" "train" 
"%*%" "backward" "train" 
"match.fun" "vapply" "pmax" "ReLU" "forward" "train" 
"prod" "mostattributes<-" "pmax" "ReLU" "forward" "train" 
"t" "backward" "train" 
"t" "backward" "train" 
"sample.int" "sample" "train" 
"mostattributes<-" "pmax" "ReLU" "forward" "train" 
"pmax" "ReLU" "forward" "train" 
"t" "backward" "train" 
"t" "backward" "train" 
"as.matrix" "forward" "train" 
"forward" "train" 
"<Anonymous>" "mapply" "Map" "train" 
"mostattributes<-" "pmax" "ReLU" "forward" "train" 
"as.matrix" "forward" "train" 
"t.default" "t" "backward" "train" 
"%*%" "backward" "train" 
"mapply" "Map" "train" 
"mostattributes<-" "pmax" "ReLU" "forward" "train" 
"as.matrix" "forward" "train" 
"vapply" "pmax" "ReLU" "forward" "train" 
"t" "backward" "train" 
"get" "match.fun" "Map" "train" 
"lapply" "train" 
"t" "backward" "train" 
"length" "pmax" "ReLU" "forward" "train" 
"t" "backward" "train" 
"backward" "train" 
"vapply" "pmax" "ReLU" "forward" "train" 
"vapply" "pmax" "ReLU" "forward" "train" 
"%*%" "backward" "train" 
"t" "backward" "train" 
"mostattributes<-" "pmax" "ReLU" "forward" "train" 
"backward" "train" 
"t" "backward" "train" 
"as.matrix" "forward" "train" 
"lapply" "train" 
"mostattributes<-" "pmax" "ReLU" "forward" "train" 
"t" "backward" "train" 
"mapply" "Map" "train" 
"match.fun" "Map" "train" 
"t" "backward" "train" 
"array" "as.matrix.default" "as.matrix" "forward" "train" 
"mapply" "Map" "train" 
"mapply" "Map" "train" 
"mapply" "Map" "train" 
"vapply" "pmax" "ReLU" "forward" "train" 
"mapply" "Map" "train" 
"vapply" "pmax" "ReLU" "forward" "train" 
"t" "backward" "train" 
"t" "backward" "train" 
"as.matrix" "forward" "train" 
"isFALSE" "mapply" "Map" "train" 
"t" "backward" "train" 
"pmax" "ReLU" "forward" "train" 
"train" 
"pmax" "ReLU" "forward" "train" 
"backward" "train" 
"get" "match.fun" "Map" "train" 
"train" 
"t" "backward" "train" 
"t" "backward" "train" 
"t" "backward" "train" 
"pmax" "ReLU" "forward" "train" 
"t" "backward" "train" 
"mapply" "Map" "train" 
"t" "backward" "train" 
"mapply" "Map" "train" 
"t" "backward" "train" 
"mostattributes<-" "pmax" "ReLU" "forward" "train" 
"mostattributes<-" "pmax" "ReLU" "forward" "train" 
"mostattributes<-" "pmax" "ReLU" "forward" "train" 
"mostattributes<-" "pmax" "ReLU" "forward" "train" 
"mostattributes<-" "pmax" "ReLU" "forward" "train" 
"mostattributes<-" "pmax" "ReLU" "forward" "train" 
"vapply" "pmax" "ReLU" "forward" "train" 
"mapply" "Map" "train" 
"FUN" "vapply" "pmax" "ReLU" "forward" "train" 
"t" "backward" "train" 
"names" "array" "as.matrix.default" "as.matrix" "forward" "train" 
"pmax" "ReLU" "forward" "train" 
"pmax" "ReLU" "forward" "train" 
"t" "backward" "train" 
"<Anonymous>" "mapply" "Map" "train" 
"%*%" "pmax" "ReLU" "forward" "train" 
"%*%" "backward" "train" 
"as.matrix" "forward" "train" 
"mostattributes<-" "pmax" "ReLU" "forward" "train" 
"t" "backward" "train" 
"backward" "train" 
